2021-08-05 19:39:36 INFO  Homepagesteps:150 - vada chennai
2021-08-05 19:39:36 INFO  Homepagesteps:151 - vada chennai
2021-08-05 20:48:36 INFO  Homepagesteps:150 - vada chennai
2021-08-05 20:48:36 INFO  Homepagesteps:151 - vada chennai
2021-08-05 20:49:32 INFO  homepage:132 - Sent Text in the Home Page is kaithi
2021-08-05 20:49:35 INFO  homepage:138 - The Auto suggestive dropdown shows:Kaithi
2021-08-05 20:49:37 INFO  commonSteps:49 - Kaithi
2021-08-05 20:56:50 INFO  Homepagesteps:150 - vada chennai
2021-08-05 20:56:50 INFO  Homepagesteps:151 - vada chennai
2021-08-05 21:02:22 INFO  Homepagesteps:150 - vada chennai
2021-08-05 21:02:22 INFO  Homepagesteps:151 - vada chennai
2021-08-05 22:16:14 INFO  Homepagesteps:150 - vada chennai
2021-08-05 22:16:14 INFO  Homepagesteps:151 - vada chennai
2021-08-05 22:17:28 INFO  Homepagesteps:150 - vada chennai
2021-08-05 22:17:28 INFO  Homepagesteps:151 - vada chennai
2021-08-05 22:19:40 INFO  Homepagesteps:150 - vada chennai
2021-08-05 22:19:40 INFO  Homepagesteps:151 - vada chennai
2021-08-05 22:31:18 INFO  Homepagesteps:150 - vada chennai
2021-08-05 22:31:18 INFO  Homepagesteps:151 - vada chennai
2021-08-06 16:26:45 INFO  Homepagesteps:150 - vada chennai
2021-08-06 16:26:45 INFO  Homepagesteps:151 - vada chennai
2021-08-06 16:32:22 INFO  Homepagesteps:150 - vada chennai
2021-08-06 16:32:22 INFO  Homepagesteps:151 - vada chennai
2021-08-06 16:34:37 INFO  Homepagesteps:150 - vada chennai
2021-08-06 16:34:37 INFO  Homepagesteps:151 - vada chennai
2021-08-06 16:48:18 INFO  Homepagesteps:150 - vada chennai
2021-08-06 16:48:18 INFO  Homepagesteps:151 - vada chennai
2021-08-06 16:49:20 INFO  homepage:132 - Sent Text in the Home Page is kaithi
2021-08-06 16:49:23 INFO  homepage:138 - The Auto suggestive dropdown shows:Kaithi
2021-08-06 16:49:25 INFO  commonSteps:49 - Kaithi
2021-08-06 16:59:00 INFO  Homepagesteps:150 - vada chennai
2021-08-06 16:59:00 INFO  Homepagesteps:151 - vada chennai
2021-08-06 16:59:59 INFO  homepage:132 - Sent Text in the Home Page is scedue
2021-08-06 17:00:02 INFO  homepage:138 - The Auto suggestive dropdown shows:Scedue
2021-08-06 17:00:03 INFO  commonSteps:49 - Scedue
2021-08-06 17:04:19 INFO  footersteps:54 - GudSho
2021-08-06 17:04:19 INFO  footersteps:56 - GudSho
2021-08-06 17:04:21 INFO  footersteps:66 - Join GudSho to watch the unlimited movies, series, and award-winning GudSho Originals. Everything you want to watch anytime, anywhere, and as much.
2021-08-06 17:04:21 INFO  footersteps:68 - Join GudSho to watch the unlimited movies, series, and award-winning GudSho Originals. Everything you want to watch anytime, anywhere, and as much.
2021-08-06 17:04:21 INFO  footersteps:79 - Quick Links
2021-08-06 17:04:21 INFO  footersteps:82 - Connect with us
2021-08-06 17:04:21 INFO  footersteps:85 - Download the App
2021-08-06 17:04:32 INFO  Footer:84 - About Us | GudSho - All-in-One OTT Platform
2021-08-06 17:04:32 INFO  Footer:87 - https://stream.gudsho.com/about.php
2021-08-06 17:04:39 INFO  Footer:84 - GudSho - Watch Unlimited Movies & Web Series Online
2021-08-06 17:04:39 INFO  Footer:87 - https://www.gudsho.com/support
2021-08-06 17:04:46 INFO  Footer:84 - Submit Your Film | All-in-One OTT Platform to Release Movies & Web Series- GudSho
2021-08-06 17:04:46 INFO  Footer:87 - https://monetize.gudsho.com/submit-your-film
2021-08-06 17:04:52 INFO  Footer:84 - GudSho Blog - The Future Trends & Technologies of OTT Streaming
2021-08-06 17:04:52 INFO  Footer:87 - https://stories.gudsho.com/
2021-08-06 17:04:57 INFO  Footer:84 - GudSho - Terms & Conditions
2021-08-06 17:04:57 INFO  Footer:87 - https://stream.gudsho.com/terms-of-service.php
2021-08-06 17:05:02 INFO  Footer:84 - GudSho - Privacy Policy
2021-08-06 17:05:02 INFO  Footer:87 - https://stream.gudsho.com/privacy-policy.php
2021-08-06 17:05:08 INFO  Footer:84 - Contact Us | GudSho
2021-08-06 17:05:08 INFO  Footer:87 - https://stream.gudsho.com/contact-sales.php
2021-08-06 17:05:15 INFO  Footer:84 - GudSho OTT - Apps on Google Play
2021-08-06 17:05:15 INFO  Footer:87 - https://play.google.com/store/apps/details?id=com.gudsho
2021-08-06 17:05:23 INFO  footersteps:163 - ‎GudSho OTT on the App Store
2021-08-06 17:05:23 INFO  footersteps:165 - https://apps.apple.com/in/app/gudsho-ott/id1539371660
2021-08-06 17:05:36 INFO  Footer:108 - GudSho - முகப்பு | Facebook
2021-08-06 17:05:36 INFO  Footer:110 - https://www.facebook.com/GudSho.Digital/
2021-08-06 17:05:43 INFO  Footer:108 - GudSho (@GudShoIN) / Twitter
2021-08-06 17:05:43 INFO  Footer:110 - https://twitter.com/GudShoIN
2021-08-06 17:05:45 INFO  Footer:108 - Login • Instagram
2021-08-06 17:05:45 INFO  Footer:110 - https://www.instagram.com/accounts/login/
2021-08-06 17:09:41 INFO  Footer:108 - GudSho - முகப்பு | Facebook
2021-08-06 17:09:41 INFO  Footer:110 - https://www.facebook.com/GudSho.Digital/
2021-08-06 17:09:42 INFO  Footer:108 - 
2021-08-06 17:09:42 INFO  Footer:110 - https://twitter.com/GudShoIN
2021-08-06 17:09:45 INFO  Footer:108 - Login • Instagram
2021-08-06 17:09:45 INFO  Footer:110 - https://www.instagram.com/accounts/login/
2021-08-06 17:09:46 INFO  Footer:108 - Sign Up | LinkedIn
2021-08-06 17:09:46 INFO  Footer:110 - https://www.linkedin.com/authwall?trk=gf&trkInfo=AQG4ihpUr926uAAAAXsbQxPQUTsmx6DQ-p_L3VH3S_bjTqKtGrmfyUlABXLkwTvF_Pnf98jpyBTPX0OuLBoG-9TqvcvzfhKGnyk-kteSurXqeRcrFhkg7xJ-I-5bYi3V3uLFcNk=&originalReferer=https://qa.gudsho.com/&sessionRedirect=https%3A%2F%2Fwww.linkedin.com%2Fcompany%2Fgudsho%2F
2021-08-06 17:12:01 INFO  Footer:108 - GudSho - முகப்பு | Facebook
2021-08-06 17:12:01 INFO  Footer:110 - https://www.facebook.com/GudSho.Digital/
2021-08-06 17:12:02 INFO  Footer:108 - 
2021-08-06 17:12:02 INFO  Footer:110 - https://twitter.com/GudShoIN
2021-08-06 17:12:05 INFO  Footer:108 - Login • Instagram
2021-08-06 17:12:05 INFO  Footer:110 - https://www.instagram.com/accounts/login/
2021-08-06 17:12:06 INFO  Footer:108 - Sign Up | LinkedIn
2021-08-06 17:12:06 INFO  Footer:110 - https://www.linkedin.com/authwall?trk=gf&trkInfo=AQGvh1QzFnMOGAAAAXsbRTLIzFR1kGH02AtiRJo8wQVKZdyaM40ohKR-wxb8fGALY0RzsT5X7J6J-u_0ZUPaY5aP21FY4i1co2A8mZousAfPdDH2nBC1Io1N9tkd8HjaqIS0tCE=&originalReferer=https://qa.gudsho.com/&sessionRedirect=https%3A%2F%2Fwww.linkedin.com%2Fcompany%2Fgudsho%2F
2021-08-06 17:13:06 INFO  Footer:108 - GudSho - முகப்பு | Facebook
2021-08-06 17:13:06 INFO  Footer:110 - https://www.facebook.com/GudSho.Digital/
2021-08-06 17:13:07 INFO  Footer:108 - 
2021-08-06 17:13:07 INFO  Footer:110 - https://twitter.com/GudShoIN
2021-08-06 17:13:10 INFO  Footer:108 - Login • Instagram
2021-08-06 17:13:10 INFO  Footer:110 - https://www.instagram.com/accounts/login/
2021-08-06 17:13:11 INFO  Footer:108 - Sign Up | LinkedIn
2021-08-06 17:13:11 INFO  Footer:110 - https://www.linkedin.com/authwall?trk=gf&trkInfo=AQFDQw2R113zpQAAAXsbRjCwzoGPUeP2SSQ5NFxf0nBabMlJYPYOPI9W0jTzq9eguKstPdklFnitnf0itjWC5HK8_Pp70iICI5LVbfc-oCBLXIX_HeeAOo9Z6vn33E-epOsR1jA=&originalReferer=https://qa.gudsho.com/&sessionRedirect=https%3A%2F%2Fwww.linkedin.com%2Fcompany%2Fgudsho%2F
2021-08-06 17:14:50 INFO  Footer:108 - GudSho - முகப்பு | Facebook
2021-08-06 17:14:50 INFO  Footer:110 - https://www.facebook.com/GudSho.Digital/
2021-08-06 17:14:51 INFO  Footer:108 - 
2021-08-06 17:14:51 INFO  Footer:110 - https://twitter.com/GudShoIN
2021-08-06 17:14:53 INFO  Footer:108 - Login • Instagram
2021-08-06 17:14:53 INFO  Footer:110 - https://www.instagram.com/accounts/login/
2021-08-06 17:14:55 INFO  Footer:108 - Sign Up | LinkedIn
2021-08-06 17:14:55 INFO  Footer:110 - https://www.linkedin.com/authwall?trk=gf&trkInfo=AQFS0c7Id6N6hgAAAXsbR8bwPLCgOs-Wxn0S8IDzzz8pTLzIAQTYP_36PTpvYRVvHriVTV7kKkv9fFv3kUFEdjAPxS1LoJnzpgcG-IZdBVYrzhwUqEbVvBvOZwQ-Zzpsi4AApJU=&originalReferer=https://qa.gudsho.com/&sessionRedirect=https%3A%2F%2Fwww.linkedin.com%2Fcompany%2Fgudsho%2F
2021-08-06 17:14:59 INFO  Footer:108 - GudSho - YouTube
2021-08-06 17:14:59 INFO  Footer:110 - https://www.youtube.com/channel/UCtCPBufttxYK_kAY8HyMfSw
2021-08-06 17:16:29 INFO  homepage:132 - Sent Text in the Home Page is Talent
2021-08-06 17:16:32 INFO  homepage:138 - The Auto suggestive dropdown shows:Talent
2021-08-06 17:16:34 INFO  commonSteps:49 - Talent
2021-08-06 17:16:36 INFO  paywallsteps:41 - Clicking on the add to watchlist button
2021-08-06 17:16:42 INFO  homepage:132 - Sent Text in the Home Page is Talent
2021-08-06 17:16:45 INFO  homepage:138 - The Auto suggestive dropdown shows:Talent
2021-08-06 17:16:46 INFO  commonSteps:49 - Talent
2021-08-06 17:16:55 INFO  homepage:132 - Sent Text in the Home Page is Talent
2021-08-06 17:16:58 INFO  homepage:138 - The Auto suggestive dropdown shows:Talent
2021-08-06 17:17:00 INFO  commonSteps:49 - Talent
2021-08-06 17:17:10 INFO  homepage:132 - Sent Text in the Home Page is Talent
2021-08-06 17:17:13 INFO  homepage:138 - The Auto suggestive dropdown shows:Talent
2021-08-06 17:17:14 INFO  commonSteps:49 - Talent
2021-08-06 17:17:19 INFO  homepage:132 - Sent Text in the Home Page is Talent
2021-08-06 17:17:23 INFO  homepage:138 - The Auto suggestive dropdown shows:Talent
2021-08-06 17:17:24 INFO  commonSteps:49 - Talent
2021-08-06 17:17:34 INFO  homepage:132 - Sent Text in the Home Page is santii's studio
2021-08-06 17:17:38 INFO  homepage:138 - The Auto suggestive dropdown shows:Santii'S Studio
2021-08-06 17:17:39 INFO  commonSteps:40 - Santii's Studio
2021-08-06 17:17:48 INFO  homepage:132 - Sent Text in the Home Page is Sameer
2021-08-06 17:17:51 INFO  homepage:138 - The Auto suggestive dropdown shows:Sameer2
2021-08-06 17:17:51 INFO  homepage:138 - The Auto suggestive dropdown shows:Sameer'S
2021-08-06 17:17:51 INFO  homepage:138 - The Auto suggestive dropdown shows:Sameer Smart
2021-08-06 17:17:52 INFO  homepage:138 - The Auto suggestive dropdown shows:SameerR
2021-08-06 17:17:52 INFO  homepage:138 - The Auto suggestive dropdown shows:Sameer
2021-08-06 17:17:53 INFO  commonSteps:40 - Sameer
2021-08-06 17:42:19 INFO  homepage:132 - Sent Text in the Home Page is Sameer
2021-08-06 17:42:23 INFO  homepage:138 - The Auto suggestive dropdown shows:Sameer2
2021-08-06 17:42:23 INFO  homepage:138 - The Auto suggestive dropdown shows:Sameer'S
2021-08-06 17:42:23 INFO  homepage:138 - The Auto suggestive dropdown shows:Sameer Smart
2021-08-06 17:42:23 INFO  homepage:138 - The Auto suggestive dropdown shows:SameerR
2021-08-06 17:42:23 INFO  homepage:138 - The Auto suggestive dropdown shows:Sameer
2021-08-06 17:42:24 INFO  commonSteps:40 - Sameer
2021-08-06 17:43:19 INFO  homepage:132 - Sent Text in the Home Page is Sameer
2021-08-06 17:43:22 INFO  homepage:138 - The Auto suggestive dropdown shows:Sameer2
2021-08-06 17:43:23 INFO  homepage:138 - The Auto suggestive dropdown shows:Sameer'S
2021-08-06 17:43:23 INFO  homepage:138 - The Auto suggestive dropdown shows:Sameer Smart
2021-08-06 17:43:23 INFO  homepage:138 - The Auto suggestive dropdown shows:SameerR
2021-08-06 17:43:23 INFO  homepage:138 - The Auto suggestive dropdown shows:Sameer
2021-08-06 17:43:24 INFO  commonSteps:40 - Sameer
2021-08-06 17:43:24 INFO  studiodetailpagesteps:49 - Narappa
2021-08-06 17:43:44 INFO  homepage:132 - Sent Text in the Home Page is Trail Studio
2021-08-06 17:43:47 INFO  homepage:138 - The Auto suggestive dropdown shows:Trail111
2021-08-06 17:43:47 INFO  homepage:138 - The Auto suggestive dropdown shows:Trail222
2021-08-06 17:43:47 INFO  homepage:138 - The Auto suggestive dropdown shows:Trail Studio
2021-08-06 17:43:48 INFO  commonSteps:40 - Trail Studio
2021-08-06 17:43:50 INFO  studiodetailpagesteps:71 - the toaster message is: You have started following this studio
2021-08-06 17:44:10 INFO  homepage:132 - Sent Text in the Home Page is Sameer
2021-08-06 17:44:13 INFO  homepage:138 - The Auto suggestive dropdown shows:Sameer2
2021-08-06 17:44:13 INFO  homepage:138 - The Auto suggestive dropdown shows:Sameer'S
2021-08-06 17:44:13 INFO  homepage:138 - The Auto suggestive dropdown shows:Sameer Smart
2021-08-06 17:44:13 INFO  homepage:138 - The Auto suggestive dropdown shows:SameerR
2021-08-06 17:44:14 INFO  homepage:138 - The Auto suggestive dropdown shows:Sameer
2021-08-06 17:44:15 INFO  commonSteps:40 - Sameer
2021-08-06 17:44:15 INFO  studiodetailpagesteps:111 - Kung Fu Panda (2008)
2021-08-06 17:44:25 INFO  studiodetailpagesteps:117 - Kung Fu Panda (2008)
2021-08-06 17:44:49 INFO  homepage:132 - Sent Text in the Home Page is Sameer
2021-08-06 17:44:52 INFO  homepage:138 - The Auto suggestive dropdown shows:Sameer2
2021-08-06 17:44:52 INFO  homepage:138 - The Auto suggestive dropdown shows:Sameer'S
2021-08-06 17:44:52 INFO  homepage:138 - The Auto suggestive dropdown shows:Sameer Smart
2021-08-06 17:44:52 INFO  homepage:138 - The Auto suggestive dropdown shows:SameerR
2021-08-06 17:44:53 INFO  homepage:138 - The Auto suggestive dropdown shows:Sameer
2021-08-06 17:44:54 INFO  commonSteps:40 - Sameer
2021-08-06 17:44:54 INFO  studiodetailpagesteps:129 - Test
2021-08-06 17:44:55 INFO  studiodetailpagesteps:132 - Test
2021-08-06 17:45:15 INFO  homepage:132 - Sent Text in the Home Page is Trail Studio
2021-08-06 17:45:18 INFO  homepage:138 - The Auto suggestive dropdown shows:Trail111
2021-08-06 17:45:18 INFO  homepage:138 - The Auto suggestive dropdown shows:Trail222
2021-08-06 17:45:18 INFO  homepage:138 - The Auto suggestive dropdown shows:Trail Studio
2021-08-06 17:45:19 INFO  commonSteps:40 - Trail Studio
2021-08-06 17:45:21 INFO  studiodetailpagesteps:101 - shoat30thapril
2021-08-06 17:45:21 INFO  studiodetailpagesteps:104 - shoat30thapril
2021-08-06 17:45:49 INFO  homepage:132 - Sent Text in the Home Page is Trail Studio
2021-08-06 17:45:52 INFO  homepage:138 - The Auto suggestive dropdown shows:Trail111
2021-08-06 17:45:52 INFO  homepage:138 - The Auto suggestive dropdown shows:Trail222
2021-08-06 17:45:52 INFO  homepage:138 - The Auto suggestive dropdown shows:Trail Studio
2021-08-06 17:45:53 INFO  commonSteps:40 - Trail Studio
2021-08-06 17:45:56 INFO  studiodetailpagesteps:149 - You have unfollowed this studio
2021-08-06 17:45:56 INFO  studiodetailpagesteps:155 - trail video
2021-08-06 17:46:04 INFO  homepage:132 - Sent Text in the Home Page is Sameer
2021-08-06 17:46:08 INFO  homepage:138 - The Auto suggestive dropdown shows:Sameer2
2021-08-06 17:46:08 INFO  homepage:138 - The Auto suggestive dropdown shows:Sameer'S
2021-08-06 17:46:08 INFO  homepage:138 - The Auto suggestive dropdown shows:Sameer Smart
2021-08-06 17:46:08 INFO  homepage:138 - The Auto suggestive dropdown shows:SameerR
2021-08-06 17:46:08 INFO  homepage:138 - The Auto suggestive dropdown shows:Sameer
2021-08-06 17:46:09 INFO  commonSteps:40 - Sameer
2021-08-06 17:46:15 INFO  homepage:132 - Sent Text in the Home Page is Trail Studio
2021-08-06 17:46:18 INFO  homepage:138 - The Auto suggestive dropdown shows:Trail111
2021-08-06 17:46:18 INFO  homepage:138 - The Auto suggestive dropdown shows:Trail222
2021-08-06 17:46:18 INFO  homepage:138 - The Auto suggestive dropdown shows:Trail Studio
2021-08-06 17:46:19 INFO  commonSteps:40 - Trail Studio
2021-08-06 17:46:29 INFO  homepage:132 - Sent Text in the Home Page is Trail Studio
2021-08-06 17:46:32 INFO  homepage:138 - The Auto suggestive dropdown shows:Trail111
2021-08-06 17:46:32 INFO  homepage:138 - The Auto suggestive dropdown shows:Trail222
2021-08-06 17:46:32 INFO  homepage:138 - The Auto suggestive dropdown shows:Trail Studio
2021-08-06 17:46:37 INFO  commonSteps:40 - Trail Studio
2021-08-06 17:46:44 INFO  homepage:132 - Sent Text in the Home Page is Trail Studio
2021-08-06 17:46:47 INFO  homepage:138 - The Auto suggestive dropdown shows:Trail111
2021-08-06 17:46:47 INFO  homepage:138 - The Auto suggestive dropdown shows:Trail222
2021-08-06 17:46:47 INFO  homepage:138 - The Auto suggestive dropdown shows:Trail Studio
2021-08-06 17:46:48 INFO  commonSteps:40 - Trail Studio
2021-08-06 17:47:19 INFO  homepage:132 - Sent Text in the Home Page is Sameer
2021-08-06 17:47:22 INFO  homepage:138 - The Auto suggestive dropdown shows:Sameer2
2021-08-06 17:47:23 INFO  homepage:138 - The Auto suggestive dropdown shows:Sameer'S
2021-08-06 17:47:23 INFO  homepage:138 - The Auto suggestive dropdown shows:Sameer Smart
2021-08-06 17:47:23 INFO  homepage:138 - The Auto suggestive dropdown shows:SameerR
2021-08-06 17:47:23 INFO  homepage:138 - The Auto suggestive dropdown shows:Sameer
2021-08-06 17:47:24 INFO  commonSteps:40 - Sameer
2021-08-06 17:47:44 INFO  shodetailpagesteps:122 - Powerful Police Officer Scenes Back To Back _ Top
2021-08-06 17:47:48 INFO  homepage:132 - Sent Text in the Home Page is Sameer
2021-08-06 17:47:52 INFO  homepage:138 - The Auto suggestive dropdown shows:Sameer2
2021-08-06 17:47:52 INFO  homepage:138 - The Auto suggestive dropdown shows:Sameer'S
2021-08-06 17:47:52 INFO  homepage:138 - The Auto suggestive dropdown shows:Sameer Smart
2021-08-06 17:47:52 INFO  homepage:138 - The Auto suggestive dropdown shows:SameerR
2021-08-06 17:47:52 INFO  homepage:138 - The Auto suggestive dropdown shows:Sameer
2021-08-06 17:47:53 INFO  commonSteps:40 - Sameer
2021-08-06 17:49:05 INFO  homepage:132 - Sent Text in the Home Page is Sameer
2021-08-06 17:49:08 INFO  homepage:138 - The Auto suggestive dropdown shows:Sameer2
2021-08-06 17:49:08 INFO  homepage:138 - The Auto suggestive dropdown shows:Sameer'S
2021-08-06 17:49:08 INFO  homepage:138 - The Auto suggestive dropdown shows:Sameer Smart
2021-08-06 17:49:08 INFO  homepage:138 - The Auto suggestive dropdown shows:SameerR
2021-08-06 17:49:08 INFO  homepage:138 - The Auto suggestive dropdown shows:Sameer
2021-08-06 17:49:09 INFO  commonSteps:40 - Sameer
2021-08-06 17:49:24 INFO  homepage:132 - Sent Text in the Home Page is Sameer
2021-08-06 17:49:28 INFO  homepage:138 - The Auto suggestive dropdown shows:Sameer2
2021-08-06 17:49:28 INFO  homepage:138 - The Auto suggestive dropdown shows:Sameer'S
2021-08-06 17:49:28 INFO  homepage:138 - The Auto suggestive dropdown shows:Sameer Smart
2021-08-06 17:49:28 INFO  homepage:138 - The Auto suggestive dropdown shows:SameerR
2021-08-06 17:49:28 INFO  homepage:138 - The Auto suggestive dropdown shows:Sameer
2021-08-06 17:49:29 INFO  commonSteps:40 - Sameer
2021-08-06 17:49:32 INFO  studiodetailpagesteps:324 - Test
2021-08-06 17:49:32 INFO  studiodetailpagesteps:328 - Test
2021-08-06 17:49:57 INFO  homepage:132 - Sent Text in the Home Page is Sameer
2021-08-06 17:50:00 INFO  homepage:138 - The Auto suggestive dropdown shows:Sameer2
2021-08-06 17:50:00 INFO  homepage:138 - The Auto suggestive dropdown shows:Sameer'S
2021-08-06 17:50:00 INFO  homepage:138 - The Auto suggestive dropdown shows:Sameer Smart
2021-08-06 17:50:00 INFO  homepage:138 - The Auto suggestive dropdown shows:SameerR
2021-08-06 17:50:00 INFO  homepage:138 - The Auto suggestive dropdown shows:Sameer
2021-08-06 17:50:01 INFO  commonSteps:40 - Sameer
2021-08-06 17:50:04 INFO  studiodetailpagesteps:311 - Test
2021-08-06 17:50:04 INFO  studiodetailpagesteps:348 - Test
2021-08-06 17:50:16 INFO  studiodetailpagesteps:352 - Test
2021-08-06 17:50:41 INFO  homepage:132 - Sent Text in the Home Page is Sameer
2021-08-06 17:50:44 INFO  homepage:138 - The Auto suggestive dropdown shows:Sameer2
2021-08-06 17:50:44 INFO  homepage:138 - The Auto suggestive dropdown shows:Sameer'S
2021-08-06 17:50:44 INFO  homepage:138 - The Auto suggestive dropdown shows:Sameer Smart
2021-08-06 17:50:44 INFO  homepage:138 - The Auto suggestive dropdown shows:SameerR
2021-08-06 17:50:44 INFO  homepage:138 - The Auto suggestive dropdown shows:Sameer
2021-08-06 17:50:46 INFO  commonSteps:40 - Sameer
2021-08-06 17:50:59 INFO  studiodetailpagesteps:373 - Check Transacode
2021-08-06 17:51:26 INFO  homepage:132 - Sent Text in the Home Page is Sameer
2021-08-06 17:51:29 INFO  homepage:138 - The Auto suggestive dropdown shows:Sameer2
2021-08-06 17:51:29 INFO  homepage:138 - The Auto suggestive dropdown shows:Sameer'S
2021-08-06 17:51:29 INFO  homepage:138 - The Auto suggestive dropdown shows:Sameer Smart
2021-08-06 17:51:29 INFO  homepage:138 - The Auto suggestive dropdown shows:SameerR
2021-08-06 17:51:29 INFO  homepage:138 - The Auto suggestive dropdown shows:Sameer
2021-08-06 17:51:31 INFO  commonSteps:40 - Sameer
2021-08-06 17:51:42 INFO  studiodetailpagesteps:373 - paytm
2021-08-06 17:52:09 INFO  homepage:132 - Sent Text in the Home Page is Sameer
2021-08-06 17:52:13 INFO  homepage:138 - The Auto suggestive dropdown shows:Sameer2
2021-08-06 17:52:13 INFO  homepage:138 - The Auto suggestive dropdown shows:Sameer'S
2021-08-06 17:52:13 INFO  homepage:138 - The Auto suggestive dropdown shows:Sameer Smart
2021-08-06 17:52:13 INFO  homepage:138 - The Auto suggestive dropdown shows:SameerR
2021-08-06 17:52:13 INFO  homepage:138 - The Auto suggestive dropdown shows:Sameer
2021-08-06 17:52:15 INFO  commonSteps:40 - Sameer
2021-08-06 17:52:32 INFO  studiodetailpagesteps:373 - Vikramarkudu
2021-08-06 17:56:42 INFO  homepage:132 - Sent Text in the Home Page is Sameer
2021-08-06 17:56:45 INFO  homepage:138 - The Auto suggestive dropdown shows:Sameer2
2021-08-06 17:56:45 INFO  homepage:138 - The Auto suggestive dropdown shows:Sameer'S
2021-08-06 17:56:45 INFO  homepage:138 - The Auto suggestive dropdown shows:Sameer Smart
2021-08-06 17:56:45 INFO  homepage:138 - The Auto suggestive dropdown shows:SameerR
2021-08-06 17:56:46 INFO  homepage:138 - The Auto suggestive dropdown shows:Sameer
2021-08-06 17:56:47 INFO  commonSteps:40 - Sameer
2021-08-06 17:56:51 INFO  studiodetailpagesteps:286 - Kung Fu Panda (2008)
2021-08-06 17:56:57 INFO  studiodetailpagesteps:291 - Kung Fu Panda (2008)
2021-08-06 17:56:58 INFO  studiodetailpagesteps:297 - Sho Name2
2021-08-06 17:57:04 INFO  homepage:132 - Sent Text in the Home Page is Sameer
2021-08-06 17:57:08 INFO  homepage:138 - The Auto suggestive dropdown shows:Sameer2
2021-08-06 17:57:08 INFO  homepage:138 - The Auto suggestive dropdown shows:Sameer'S
2021-08-06 17:57:08 INFO  homepage:138 - The Auto suggestive dropdown shows:Sameer Smart
2021-08-06 17:57:08 INFO  homepage:138 - The Auto suggestive dropdown shows:SameerR
2021-08-06 17:57:08 INFO  homepage:138 - The Auto suggestive dropdown shows:Sameer
2021-08-06 17:57:09 INFO  commonSteps:40 - Sameer
2021-08-06 18:00:10 INFO  homepage:132 - Sent Text in the Home Page is Sameer
2021-08-06 18:00:14 INFO  homepage:138 - The Auto suggestive dropdown shows:Sameer2
2021-08-06 18:00:14 INFO  homepage:138 - The Auto suggestive dropdown shows:Sameer'S
2021-08-06 18:00:14 INFO  homepage:138 - The Auto suggestive dropdown shows:Sameer Smart
2021-08-06 18:00:14 INFO  homepage:138 - The Auto suggestive dropdown shows:SameerR
2021-08-06 18:00:14 INFO  homepage:138 - The Auto suggestive dropdown shows:Sameer
2021-08-06 18:00:16 INFO  commonSteps:40 - Sameer
2021-08-06 18:01:18 INFO  homepage:132 - Sent Text in the Home Page is Sameer
2021-08-06 18:01:22 INFO  homepage:138 - The Auto suggestive dropdown shows:Sameer2
2021-08-06 18:01:22 INFO  homepage:138 - The Auto suggestive dropdown shows:Sameer'S
2021-08-06 18:01:22 INFO  homepage:138 - The Auto suggestive dropdown shows:Sameer Smart
2021-08-06 18:01:22 INFO  homepage:138 - The Auto suggestive dropdown shows:SameerR
2021-08-06 18:01:22 INFO  homepage:138 - The Auto suggestive dropdown shows:Sameer
2021-08-06 18:01:26 INFO  commonSteps:40 - Sameer
2021-08-06 18:01:28 INFO  studiodetailpagesteps:49 - Narappa
2021-08-06 18:01:57 INFO  homepage:132 - Sent Text in the Home Page is Trail Studio
2021-08-06 18:02:01 INFO  homepage:138 - The Auto suggestive dropdown shows:Trail111
2021-08-06 18:02:01 INFO  homepage:138 - The Auto suggestive dropdown shows:Trail222
2021-08-06 18:02:01 INFO  homepage:138 - The Auto suggestive dropdown shows:Trail Studio
2021-08-06 18:02:02 INFO  commonSteps:40 - Trail Studio
2021-08-06 18:02:03 INFO  studiodetailpagesteps:71 - the toaster message is: You have started following this studio
2021-08-06 18:02:31 INFO  homepage:132 - Sent Text in the Home Page is Sameer
2021-08-06 18:02:35 INFO  homepage:138 - The Auto suggestive dropdown shows:Sameer2
2021-08-06 18:02:35 INFO  homepage:138 - The Auto suggestive dropdown shows:Sameer'S
2021-08-06 18:02:35 INFO  homepage:138 - The Auto suggestive dropdown shows:Sameer Smart
2021-08-06 18:02:35 INFO  homepage:138 - The Auto suggestive dropdown shows:SameerR
2021-08-06 18:02:35 INFO  homepage:138 - The Auto suggestive dropdown shows:Sameer
2021-08-06 18:02:38 INFO  commonSteps:40 - Sameer
2021-08-06 18:02:40 INFO  studiodetailpagesteps:111 - Kung Fu Panda (2008)
2021-08-06 18:02:51 INFO  studiodetailpagesteps:117 - Kung Fu Panda (2008)
2021-08-06 18:03:22 INFO  homepage:132 - Sent Text in the Home Page is Sameer
2021-08-06 18:03:26 INFO  homepage:138 - The Auto suggestive dropdown shows:Sameer2
2021-08-06 18:03:26 INFO  homepage:138 - The Auto suggestive dropdown shows:Sameer'S
2021-08-06 18:03:26 INFO  homepage:138 - The Auto suggestive dropdown shows:Sameer Smart
2021-08-06 18:03:27 INFO  homepage:138 - The Auto suggestive dropdown shows:SameerR
2021-08-06 18:03:27 INFO  homepage:138 - The Auto suggestive dropdown shows:Sameer
2021-08-06 18:03:28 INFO  commonSteps:40 - Sameer
2021-08-06 18:03:29 INFO  studiodetailpagesteps:129 - Test
2021-08-06 18:03:31 INFO  studiodetailpagesteps:132 - Test
2021-08-06 18:03:59 INFO  homepage:132 - Sent Text in the Home Page is Trail Studio
2021-08-06 18:04:02 INFO  homepage:138 - The Auto suggestive dropdown shows:Trail111
2021-08-06 18:04:02 INFO  homepage:138 - The Auto suggestive dropdown shows:Trail222
2021-08-06 18:04:03 INFO  homepage:138 - The Auto suggestive dropdown shows:Trail Studio
2021-08-06 18:04:04 INFO  commonSteps:40 - Trail Studio
2021-08-06 18:04:06 INFO  studiodetailpagesteps:101 - shoat30thapril
2021-08-06 18:04:06 INFO  studiodetailpagesteps:104 - shoat30thapril
2021-08-06 18:04:35 INFO  homepage:132 - Sent Text in the Home Page is Trail Studio
2021-08-06 18:04:39 INFO  homepage:138 - The Auto suggestive dropdown shows:Trail111
2021-08-06 18:04:39 INFO  homepage:138 - The Auto suggestive dropdown shows:Trail222
2021-08-06 18:04:39 INFO  homepage:138 - The Auto suggestive dropdown shows:Trail Studio
2021-08-06 18:04:40 INFO  commonSteps:40 - Trail Studio
2021-08-06 18:04:42 INFO  studiodetailpagesteps:149 - You have unfollowed this studio
2021-08-06 18:04:43 INFO  studiodetailpagesteps:155 - trail video
2021-08-06 18:04:51 INFO  homepage:132 - Sent Text in the Home Page is Sameer
2021-08-06 18:04:54 INFO  homepage:138 - The Auto suggestive dropdown shows:Sameer2
2021-08-06 18:04:54 INFO  homepage:138 - The Auto suggestive dropdown shows:Sameer'S
2021-08-06 18:04:54 INFO  homepage:138 - The Auto suggestive dropdown shows:Sameer Smart
2021-08-06 18:04:54 INFO  homepage:138 - The Auto suggestive dropdown shows:SameerR
2021-08-06 18:04:54 INFO  homepage:138 - The Auto suggestive dropdown shows:Sameer
2021-08-06 18:04:56 INFO  commonSteps:40 - Sameer
2021-08-06 18:05:03 INFO  homepage:132 - Sent Text in the Home Page is Trail Studio
2021-08-06 18:05:07 INFO  homepage:138 - The Auto suggestive dropdown shows:Trail111
2021-08-06 18:05:07 INFO  homepage:138 - The Auto suggestive dropdown shows:Trail222
2021-08-06 18:05:07 INFO  homepage:138 - The Auto suggestive dropdown shows:Trail Studio
2021-08-06 18:05:08 INFO  commonSteps:40 - Trail Studio
2021-08-06 18:05:15 INFO  homepage:132 - Sent Text in the Home Page is Trail Studio
2021-08-06 18:05:19 INFO  homepage:138 - The Auto suggestive dropdown shows:Trail111
2021-08-06 18:05:19 INFO  homepage:138 - The Auto suggestive dropdown shows:Trail222
2021-08-06 18:05:19 INFO  homepage:138 - The Auto suggestive dropdown shows:Trail Studio
2021-08-06 18:05:20 INFO  commonSteps:40 - Trail Studio
2021-08-06 18:05:31 INFO  homepage:132 - Sent Text in the Home Page is Trail Studio
2021-08-06 18:05:35 INFO  homepage:138 - The Auto suggestive dropdown shows:Trail111
2021-08-06 18:05:35 INFO  homepage:138 - The Auto suggestive dropdown shows:Trail222
2021-08-06 18:05:35 INFO  homepage:138 - The Auto suggestive dropdown shows:Trail Studio
2021-08-06 18:05:37 INFO  commonSteps:40 - Trail Studio
2021-08-06 18:06:10 INFO  homepage:132 - Sent Text in the Home Page is Sameer
2021-08-06 18:06:14 INFO  homepage:138 - The Auto suggestive dropdown shows:Sameer2
2021-08-06 18:06:14 INFO  homepage:138 - The Auto suggestive dropdown shows:Sameer'S
2021-08-06 18:06:14 INFO  homepage:138 - The Auto suggestive dropdown shows:Sameer Smart
2021-08-06 18:06:14 INFO  homepage:138 - The Auto suggestive dropdown shows:SameerR
2021-08-06 18:06:14 INFO  homepage:138 - The Auto suggestive dropdown shows:Sameer
2021-08-06 18:06:16 INFO  commonSteps:40 - Sameer
2021-08-06 18:06:42 INFO  shodetailpagesteps:122 - Powerful Police Officer Scenes Back To Back _ Top
2021-08-06 18:06:46 INFO  homepage:132 - Sent Text in the Home Page is Sameer
2021-08-06 18:06:49 INFO  homepage:138 - The Auto suggestive dropdown shows:Sameer2
2021-08-06 18:06:49 INFO  homepage:138 - The Auto suggestive dropdown shows:Sameer'S
2021-08-06 18:06:50 INFO  homepage:138 - The Auto suggestive dropdown shows:Sameer Smart
2021-08-06 18:06:50 INFO  homepage:138 - The Auto suggestive dropdown shows:SameerR
2021-08-06 18:06:50 INFO  homepage:138 - The Auto suggestive dropdown shows:Sameer
2021-08-06 18:06:51 INFO  commonSteps:40 - Sameer
2021-08-06 18:06:54 INFO  studiodetailpagesteps:286 - Kung Fu Panda (2008)
2021-08-06 18:07:00 INFO  studiodetailpagesteps:291 - Kung Fu Panda (2008)
2021-08-06 18:07:01 INFO  studiodetailpagesteps:297 - Sho Name2
2021-08-06 18:07:10 INFO  homepage:132 - Sent Text in the Home Page is Sameer
2021-08-06 18:07:14 INFO  homepage:138 - The Auto suggestive dropdown shows:Sameer2
2021-08-06 18:07:14 INFO  homepage:138 - The Auto suggestive dropdown shows:Sameer'S
2021-08-06 18:07:14 INFO  homepage:138 - The Auto suggestive dropdown shows:Sameer Smart
2021-08-06 18:07:14 INFO  homepage:138 - The Auto suggestive dropdown shows:SameerR
2021-08-06 18:07:14 INFO  homepage:138 - The Auto suggestive dropdown shows:Sameer
2021-08-06 18:07:16 INFO  commonSteps:40 - Sameer
2021-08-06 18:07:34 INFO  homepage:132 - Sent Text in the Home Page is Sameer
2021-08-06 18:07:37 INFO  homepage:138 - The Auto suggestive dropdown shows:Sameer2
2021-08-06 18:07:37 INFO  homepage:138 - The Auto suggestive dropdown shows:Sameer'S
2021-08-06 18:07:37 INFO  homepage:138 - The Auto suggestive dropdown shows:Sameer Smart
2021-08-06 18:07:37 INFO  homepage:138 - The Auto suggestive dropdown shows:SameerR
2021-08-06 18:07:37 INFO  homepage:138 - The Auto suggestive dropdown shows:Sameer
2021-08-06 18:07:39 INFO  commonSteps:40 - Sameer
2021-08-06 18:07:43 INFO  studiodetailpagesteps:327 - Test
2021-08-06 18:07:44 INFO  studiodetailpagesteps:331 - Test
2021-08-06 18:08:10 INFO  homepage:132 - Sent Text in the Home Page is Sameer
2021-08-06 18:08:14 INFO  homepage:138 - The Auto suggestive dropdown shows:Sameer2
2021-08-06 18:08:14 INFO  homepage:138 - The Auto suggestive dropdown shows:Sameer'S
2021-08-06 18:08:14 INFO  homepage:138 - The Auto suggestive dropdown shows:Sameer Smart
2021-08-06 18:08:14 INFO  homepage:138 - The Auto suggestive dropdown shows:SameerR
2021-08-06 18:08:14 INFO  homepage:138 - The Auto suggestive dropdown shows:Sameer
2021-08-06 18:08:15 INFO  commonSteps:40 - Sameer
2021-08-06 18:08:21 INFO  studiodetailpagesteps:314 - Test
2021-08-06 18:08:23 INFO  studiodetailpagesteps:351 - Test
2021-08-06 18:08:36 INFO  studiodetailpagesteps:355 - Test
2021-08-06 18:09:00 INFO  homepage:132 - Sent Text in the Home Page is Sameer
2021-08-06 18:09:03 INFO  homepage:138 - The Auto suggestive dropdown shows:Sameer2
2021-08-06 18:09:03 INFO  homepage:138 - The Auto suggestive dropdown shows:Sameer'S
2021-08-06 18:09:03 INFO  homepage:138 - The Auto suggestive dropdown shows:Sameer Smart
2021-08-06 18:09:03 INFO  homepage:138 - The Auto suggestive dropdown shows:SameerR
2021-08-06 18:09:04 INFO  homepage:138 - The Auto suggestive dropdown shows:Sameer
2021-08-06 18:09:05 INFO  commonSteps:40 - Sameer
2021-08-06 18:09:21 INFO  studiodetailpagesteps:376 - Check Transacode
2021-08-06 18:09:44 INFO  homepage:132 - Sent Text in the Home Page is Sameer
2021-08-06 18:09:47 INFO  homepage:138 - The Auto suggestive dropdown shows:Sameer2
2021-08-06 18:09:47 INFO  homepage:138 - The Auto suggestive dropdown shows:Sameer'S
2021-08-06 18:09:47 INFO  homepage:138 - The Auto suggestive dropdown shows:Sameer Smart
2021-08-06 18:09:48 INFO  homepage:138 - The Auto suggestive dropdown shows:SameerR
2021-08-06 18:09:48 INFO  homepage:138 - The Auto suggestive dropdown shows:Sameer
2021-08-06 18:09:49 INFO  commonSteps:40 - Sameer
2021-08-06 18:10:02 INFO  studiodetailpagesteps:376 - paytm
2021-08-06 18:10:25 INFO  homepage:132 - Sent Text in the Home Page is Sameer
2021-08-06 18:10:28 INFO  homepage:138 - The Auto suggestive dropdown shows:Sameer2
2021-08-06 18:10:28 INFO  homepage:138 - The Auto suggestive dropdown shows:Sameer'S
2021-08-06 18:10:29 INFO  homepage:138 - The Auto suggestive dropdown shows:Sameer Smart
2021-08-06 18:10:29 INFO  homepage:138 - The Auto suggestive dropdown shows:SameerR
2021-08-06 18:10:29 INFO  homepage:138 - The Auto suggestive dropdown shows:Sameer
2021-08-06 18:10:30 INFO  commonSteps:40 - Sameer
2021-08-06 18:10:45 INFO  studiodetailpagesteps:376 - Vikramarkudu
2021-08-06 18:11:52 INFO  homepage:132 - Sent Text in the Home Page is Talent
2021-08-06 18:11:55 INFO  homepage:138 - The Auto suggestive dropdown shows:Talent
2021-08-06 18:11:57 INFO  commonSteps:49 - Talent
2021-08-06 18:12:03 INFO  videoplayer:113 - Total duration of the video: 01:57
2021-08-06 18:12:04 INFO  videoplayer:118 - 00:04
2021-08-06 18:12:04 INFO  videoplayer:118 - 00:04
2021-08-06 18:12:05 INFO  videoplayer:118 - 00:04
2021-08-06 18:12:05 INFO  videoplayer:118 - 00:04
2021-08-06 18:12:05 INFO  videoplayer:118 - 00:04
2021-08-06 18:12:05 INFO  videoplayer:118 - 00:05
2021-08-06 18:12:05 INFO  videoplayer:118 - 00:05
2021-08-06 18:12:05 INFO  videoplayer:118 - 00:05
2021-08-06 18:12:05 INFO  videoplayer:118 - 00:05
2021-08-06 18:12:06 INFO  videoplayer:118 - 00:05
2021-08-06 18:12:06 INFO  videoplayer:118 - 00:05
2021-08-06 18:12:06 INFO  videoplayer:118 - 00:05
2021-08-06 18:12:06 INFO  videoplayer:118 - 00:05
2021-08-06 18:12:06 INFO  videoplayer:118 - 00:06
2021-08-06 18:12:06 INFO  videoplayer:118 - 00:06
2021-08-06 18:12:06 INFO  videoplayer:118 - 00:06
2021-08-06 18:12:06 INFO  videoplayer:118 - 00:06
2021-08-06 18:12:07 INFO  videoplayer:118 - 00:06
2021-08-06 18:12:07 INFO  videoplayer:118 - 00:06
2021-08-06 18:12:07 INFO  videoplayer:118 - 00:06
2021-08-06 18:12:07 INFO  videoplayer:118 - 00:06
2021-08-06 18:12:07 INFO  videoplayer:118 - 00:06
2021-08-06 18:12:07 INFO  videoplayer:118 - 00:06
2021-08-06 18:12:07 INFO  videoplayer:118 - 00:06
2021-08-06 18:12:07 INFO  videoplayer:118 - 00:06
2021-08-06 18:12:07 INFO  videoplayer:118 - 00:07
2021-08-06 18:12:07 INFO  videoplayer:118 - 00:07
2021-08-06 18:12:07 INFO  videoplayer:118 - 00:07
2021-08-06 18:12:07 INFO  videoplayer:118 - 00:07
2021-08-06 18:12:07 INFO  videoplayer:118 - 00:07
2021-08-06 18:12:07 INFO  videoplayer:118 - 00:07
2021-08-06 18:12:08 INFO  videoplayer:118 - 00:07
2021-08-06 18:12:08 INFO  videoplayer:118 - 00:07
2021-08-06 18:12:08 INFO  videoplayer:118 - 00:07
2021-08-06 18:12:08 INFO  videoplayer:118 - 00:07
2021-08-06 18:12:08 INFO  videoplayer:118 - 00:07
2021-08-06 18:12:08 INFO  videoplayer:118 - 00:08
2021-08-06 18:12:08 INFO  videoplayer:118 - 00:08
2021-08-06 18:12:08 INFO  videoplayer:118 - 00:08
2021-08-06 18:12:08 INFO  videoplayer:118 - 00:08
2021-08-06 18:12:09 INFO  videoplayer:118 - 00:08
2021-08-06 18:12:09 INFO  videoplayer:118 - 00:08
2021-08-06 18:12:09 INFO  videoplayer:118 - 00:08
2021-08-06 18:12:09 INFO  videoplayer:118 - 00:08
2021-08-06 18:12:09 INFO  videoplayer:118 - 00:08
2021-08-06 18:12:09 INFO  videoplayer:118 - 00:09
2021-08-06 18:12:09 INFO  videoplayer:118 - 00:09
2021-08-06 18:12:09 INFO  videoplayer:118 - 00:09
2021-08-06 18:12:09 INFO  videoplayer:118 - 00:09
2021-08-06 18:12:10 INFO  videoplayer:118 - 00:09
2021-08-06 18:12:10 INFO  videoplayer:118 - 00:09
2021-08-06 18:12:10 INFO  videoplayer:118 - 00:09
2021-08-06 18:12:10 INFO  videoplayer:118 - 00:09
2021-08-06 18:12:10 INFO  videoplayer:118 - 00:09
2021-08-06 18:12:10 INFO  videoplayer:118 - 00:10
2021-08-06 18:12:10 INFO  videoplayer:122 - Video paused at:00:10
2021-08-06 18:12:17 INFO  videoplayer:135 - 00:25
2021-08-06 18:12:19 INFO  videoplayer:135 - 00:37
2021-08-06 20:39:30 INFO  homepage:132 - Sent Text in the Home Page is Talent
2021-08-06 20:39:34 INFO  homepage:138 - The Auto suggestive dropdown shows:Talent
2021-08-06 20:39:35 INFO  commonSteps:49 - Talent
2021-08-06 20:39:46 INFO  shodetailpagesteps:56 - Payment Processed
2021-08-06 20:40:09 INFO  homepage:132 - Sent Text in the Home Page is Talent
2021-08-06 20:40:12 INFO  homepage:138 - The Auto suggestive dropdown shows:Talent
2021-08-06 20:40:13 INFO  commonSteps:49 - Talent
2021-08-06 20:40:17 INFO  shodetailpagesteps:106 - You liked this promo
2021-08-06 20:40:18 INFO  shodetailpagesteps:112 - Vakeel Sab Theatrical Trailer
2021-08-06 20:40:28 INFO  shodetailpagesteps:122 - Vakeel Sab Theatrical Trailer
2021-08-06 20:40:49 INFO  homepage:132 - Sent Text in the Home Page is Talent
2021-08-06 20:40:52 INFO  homepage:138 - The Auto suggestive dropdown shows:Talent
2021-08-06 20:40:53 INFO  commonSteps:49 - Talent
2021-08-06 20:41:05 INFO  shodetailpagesteps:80 - Talent
2021-08-06 20:41:44 INFO  homepage:132 - Sent Text in the Home Page is Talent
2021-08-06 20:41:47 INFO  homepage:138 - The Auto suggestive dropdown shows:Talent
2021-08-06 20:41:48 INFO  commonSteps:49 - Talent
2021-08-06 20:42:38 INFO  homepage:132 - Sent Text in the Home Page is Talent
2021-08-06 20:42:41 INFO  homepage:138 - The Auto suggestive dropdown shows:Talent
2021-08-06 20:42:42 INFO  commonSteps:49 - Talent
2021-08-06 20:43:55 INFO  homepage:132 - Sent Text in the Home Page is Talent
2021-08-06 20:43:59 INFO  homepage:138 - The Auto suggestive dropdown shows:Talent
2021-08-06 20:44:01 INFO  commonSteps:49 - Talent
2021-08-06 20:44:26 INFO  homepage:132 - Sent Text in the Home Page is Paytm
2021-08-06 20:44:29 INFO  homepage:138 - The Auto suggestive dropdown shows:Paytm
2021-08-06 20:44:30 INFO  commonSteps:49 - paytm
2021-08-06 20:44:41 INFO  shodetailpagesteps:156 - Resume
2021-08-06 20:44:41 INFO  shodetailpagesteps:169 - Paytm
2021-08-06 20:45:06 INFO  homepage:132 - Sent Text in the Home Page is Narappa
2021-08-06 20:45:09 INFO  homepage:138 - The Auto suggestive dropdown shows:Narappa
2021-08-06 20:45:10 INFO  commonSteps:49 - Narappa
2021-08-06 20:45:12 INFO  shodetailpagesteps:189 - After Sinnabba murders an upper-caste landlord to avenge his older brother`s death, his father Narappa is forced to flee into the forest. Will he be able to challenge the system?
2021-08-06 20:45:12 INFO  shodetailpagesteps:191 - About
2021-08-06 20:45:40 INFO  homepage:132 - Sent Text in the Home Page is Paytm
2021-08-06 20:45:43 INFO  homepage:138 - The Auto suggestive dropdown shows:Paytm
2021-08-06 20:45:43 INFO  commonSteps:49 - paytm
2021-08-06 20:45:44 INFO  shodetailpagesteps:197 - This sho doesnot have more description,so no See more link
2021-08-06 20:45:44 INFO  shodetailpagesteps:214 - This Sho doesnot any Audios and promos tab
2021-08-06 20:46:12 INFO  homepage:132 - Sent Text in the Home Page is narappa
2021-08-06 20:46:15 INFO  homepage:138 - The Auto suggestive dropdown shows:Narappa
2021-08-06 20:46:16 INFO  commonSteps:49 - Narappa
2021-08-06 20:46:21 INFO  shodetailpagesteps:249 - Scedue
2021-08-06 20:46:21 INFO  shodetailpagesteps:253 - Scedue has been added to watchlist
2021-08-06 20:46:41 INFO  homepage:132 - Sent Text in the Home Page is narappa
2021-08-06 20:46:44 INFO  homepage:138 - The Auto suggestive dropdown shows:Narappa
2021-08-06 20:46:46 INFO  commonSteps:49 - Narappa
2021-08-06 20:47:08 INFO  homepage:132 - Sent Text in the Home Page is narappa
2021-08-06 20:47:12 INFO  homepage:138 - The Auto suggestive dropdown shows:Narappa
2021-08-06 20:53:17 INFO  homepage:132 - Sent Text in the Home Page is narappa
2021-08-06 20:53:20 INFO  homepage:138 - The Auto suggestive dropdown shows:Narappa
2021-08-06 20:53:21 INFO  commonSteps:49 - Narappa
2021-08-06 20:53:24 INFO  shodetailpagesteps:278 - Monster Part Two
2021-08-06 20:53:25 INFO  shodetailpagesteps:282 - Monster Part Two has been added to watchlist
2021-08-09 10:32:04 INFO  Homepagesteps:150 - vada chennai
2021-08-09 10:32:04 INFO  Homepagesteps:151 - vada chennai
2021-08-09 10:49:20 INFO  Homepagesteps:150 - vada chennai
2021-08-09 10:49:20 INFO  Homepagesteps:151 - vada chennai
2021-08-09 11:00:53 INFO  Homepagesteps:150 - vada chennai
2021-08-09 11:00:53 INFO  Homepagesteps:151 - vada chennai
2021-08-09 11:02:28 INFO  homepage:132 - Sent Text in the Home Page is scedue
2021-08-09 11:02:32 INFO  homepage:138 - The Auto suggestive dropdown shows:Scedue
2021-08-09 11:02:33 INFO  commonSteps:46 - Scedue
2021-08-09 13:16:22 INFO  homepage:132 - Sent Text in the Home Page is Talent
2021-08-09 13:16:25 INFO  homepage:138 - The Auto suggestive dropdown shows:Talent
2021-08-09 13:16:27 INFO  commonSteps:46 - Talent
2021-08-09 13:16:31 INFO  shodetailpagesteps:104 - You liked this promo
2021-08-09 13:16:32 INFO  shodetailpagesteps:110 - Vakeel Sab Theatrical Trailer
2021-08-09 13:16:43 INFO  shodetailpagesteps:120 - Vakeel Sab Theatrical Trailer
2021-08-09 13:32:24 INFO  shodetailpagesteps:120 - 
2021-08-09 13:41:54 INFO  shodetailpagesteps:120 - 
2021-08-09 13:59:16 INFO  shodetailpagesteps:120 - Two Years Of Kaala - The Masterpiece _ Rajinikant
2021-08-09 14:27:15 INFO  Homepagesteps:150 - vada chennai
2021-08-09 14:27:15 INFO  Homepagesteps:151 - vada chennai
2021-08-09 14:29:05 INFO  homepage:132 - Sent Text in the Home Page is scedue
2021-08-09 14:29:08 INFO  homepage:138 - The Auto suggestive dropdown shows:Scedue
2021-08-09 14:29:10 INFO  commonSteps:46 - Scedue
2021-08-09 14:35:09 INFO  shodetailpagesteps:120 - Two Years Of Kaala - The Masterpiece _ Rajinikant
2021-08-09 14:57:37 INFO  Homepagesteps:150 - vada chennai
2021-08-09 14:57:37 INFO  Homepagesteps:151 - vada chennai
2021-08-09 14:59:13 INFO  homepage:132 - Sent Text in the Home Page is scedue
2021-08-09 14:59:16 INFO  homepage:138 - The Auto suggestive dropdown shows:Scedue
2021-08-09 14:59:18 INFO  commonSteps:46 - Scedue
2021-08-09 15:04:04 INFO  shodetailpagesteps:120 - Two Years Of Kaala - The Masterpiece _ Rajinikant
2021-08-09 15:16:03 INFO  Homepagesteps:150 - vada chennai
2021-08-09 15:16:03 INFO  Homepagesteps:151 - vada chennai
2021-08-09 15:17:37 INFO  homepage:132 - Sent Text in the Home Page is scedue
2021-08-09 15:17:40 INFO  homepage:138 - The Auto suggestive dropdown shows:Scedue
2021-08-09 15:17:42 INFO  commonSteps:46 - Scedue
2021-08-09 15:22:02 INFO  shodetailpagesteps:120 - Two Years Of Kaala - The Masterpiece _ Rajinikant
2021-08-09 15:44:50 INFO  Homepagesteps:150 - vada chennai
2021-08-09 15:44:50 INFO  Homepagesteps:151 - vada chennai
2021-08-09 15:52:11 INFO  homepage:132 - Sent Text in the Home Page is scedue
2021-08-09 15:52:14 INFO  homepage:138 - The Auto suggestive dropdown shows:Scedue
2021-08-09 15:52:15 INFO  commonSteps:46 - Scedue
2021-08-09 15:55:40 INFO  shodetailpagesteps:120 - Two Years Of Kaala - The Masterpiece _ Rajinikant
2021-08-09 15:56:42 INFO  homepage:132 - Sent Text in the Home Page is Talent
2021-08-09 15:56:45 INFO  homepage:138 - The Auto suggestive dropdown shows:Talent
2021-08-09 15:56:53 INFO  commonSteps:46 - Talent
2021-08-09 15:56:55 INFO  paywallsteps:41 - Clicking on the add to watchlist button
2021-08-09 15:57:05 INFO  homepage:132 - Sent Text in the Home Page is Talent
2021-08-09 15:57:08 INFO  homepage:138 - The Auto suggestive dropdown shows:Talent
2021-08-09 15:57:10 INFO  commonSteps:46 - Talent
2021-08-09 15:57:19 INFO  homepage:132 - Sent Text in the Home Page is Talent
2021-08-09 15:57:22 INFO  homepage:138 - The Auto suggestive dropdown shows:Talent
2021-08-09 15:57:23 INFO  commonSteps:46 - Talent
2021-08-09 15:57:32 INFO  homepage:132 - Sent Text in the Home Page is Talent
2021-08-09 15:57:35 INFO  homepage:138 - The Auto suggestive dropdown shows:Talent
2021-08-09 15:57:37 INFO  commonSteps:46 - Talent
2021-08-09 15:57:41 INFO  homepage:132 - Sent Text in the Home Page is Talent
2021-08-09 15:57:45 INFO  homepage:138 - The Auto suggestive dropdown shows:Talent
2021-08-09 15:57:46 INFO  commonSteps:46 - Talent
2021-08-09 15:57:52 INFO  homepage:132 - Sent Text in the Home Page is santii's studio
2021-08-09 15:57:55 INFO  homepage:138 - The Auto suggestive dropdown shows:Santii'S Studio
2021-08-09 15:57:57 INFO  commonSteps:36 - Santii's Studio
2021-08-09 15:58:06 INFO  homepage:132 - Sent Text in the Home Page is Sameer
2021-08-09 15:58:09 INFO  homepage:138 - The Auto suggestive dropdown shows:Sameer2
2021-08-09 15:58:09 INFO  homepage:138 - The Auto suggestive dropdown shows:Sameer'S
2021-08-09 15:58:09 INFO  homepage:138 - The Auto suggestive dropdown shows:Sameer Smart
2021-08-09 15:58:09 INFO  homepage:138 - The Auto suggestive dropdown shows:SameerR
2021-08-09 15:58:09 INFO  homepage:138 - The Auto suggestive dropdown shows:Sameer
2021-08-09 15:58:11 INFO  commonSteps:36 - Sameer
2021-08-09 15:58:28 INFO  footersteps:54 - GudSho
2021-08-09 15:58:28 INFO  footersteps:56 - GudSho
2021-08-09 15:58:30 INFO  footersteps:66 - Join GudSho to watch the unlimited movies, series, and award-winning GudSho Originals. Everything you want to watch anytime, anywhere, and as much.
2021-08-09 15:58:30 INFO  footersteps:68 - Join GudSho to watch the unlimited movies, series, and award-winning GudSho Originals. Everything you want to watch anytime, anywhere, and as much.
2021-08-09 15:58:30 INFO  footersteps:79 - Quick Links
2021-08-09 15:58:30 INFO  footersteps:82 - Connect with us
2021-08-09 15:58:30 INFO  footersteps:85 - Download the App
2021-08-09 15:58:40 INFO  Footer:84 - About Us | GudSho - All-in-One OTT Platform
2021-08-09 15:58:40 INFO  Footer:87 - https://stream.gudsho.com/about.php
2021-08-09 15:58:47 INFO  Footer:84 - GudSho - Watch Unlimited Movies & Web Series Online
2021-08-09 15:58:47 INFO  Footer:87 - https://www.gudsho.com/support
2021-08-09 15:58:52 INFO  Footer:84 - Submit Your Film | All-in-One OTT Platform to Release Movies & Web Series- GudSho
2021-08-09 15:58:52 INFO  Footer:87 - https://monetize.gudsho.com/submit-your-film
2021-08-09 15:58:57 INFO  Footer:84 - GudSho Blog - The Future Trends & Technologies of OTT Streaming
2021-08-09 15:58:57 INFO  Footer:87 - https://stories.gudsho.com/
2021-08-09 15:59:06 INFO  Footer:84 - GudSho - Terms & Conditions
2021-08-09 15:59:06 INFO  Footer:87 - https://stream.gudsho.com/terms-of-service.php
2021-08-09 15:59:10 INFO  Footer:84 - GudSho - Privacy Policy
2021-08-09 15:59:10 INFO  Footer:87 - https://stream.gudsho.com/privacy-policy.php
2021-08-09 15:59:16 INFO  Footer:84 - Contact Us | GudSho
2021-08-09 15:59:16 INFO  Footer:87 - https://stream.gudsho.com/contact-sales.php
2021-08-09 15:59:22 INFO  Footer:84 - GudSho OTT - Apps on Google Play
2021-08-09 15:59:22 INFO  Footer:87 - https://play.google.com/store/apps/details?id=com.gudsho
2021-08-09 15:59:30 INFO  footersteps:163 - ‎GudSho OTT on the App Store
2021-08-09 15:59:30 INFO  footersteps:165 - https://apps.apple.com/in/app/gudsho-ott/id1539371660
2021-08-09 15:59:43 INFO  Footer:108 - GudSho - முகப்பு | Facebook
2021-08-09 15:59:43 INFO  Footer:110 - https://www.facebook.com/GudSho.Digital/
2021-08-09 15:59:45 INFO  Footer:108 - 
2021-08-09 15:59:45 INFO  Footer:110 - https://twitter.com/GudShoIN
2021-08-09 15:59:47 INFO  Footer:108 - Login • Instagram
2021-08-09 15:59:47 INFO  Footer:110 - https://www.instagram.com/accounts/login/
2021-08-09 15:59:49 INFO  Footer:108 - Sign Up | LinkedIn
2021-08-09 15:59:49 INFO  Footer:110 - https://www.linkedin.com/authwall?trk=gf&trkInfo=AQEeKjavMbmFmQAAAXsqdhlgJ8Ex1adJZ91GtubDNpxl1_DhOIwhyWvty0CQPrdftEgjQAN1P2QzmmQdAwTsYs83IZ7nmWMVBQ2oNnrykTTdh-mboxyP8eJtddmEBvHdN4NQYeA=&originalReferer=https://qa.gudsho.com/&sessionRedirect=https%3A%2F%2Fwww.linkedin.com%2Fcompany%2Fgudsho%2F
2021-08-09 15:59:52 INFO  Footer:108 - GudSho - YouTube
2021-08-09 15:59:52 INFO  Footer:110 - https://www.youtube.com/channel/UCtCPBufttxYK_kAY8HyMfSw
2021-08-09 16:01:03 INFO  homepage:132 - Sent Text in the Home Page is Talent
2021-08-09 16:01:06 INFO  homepage:138 - The Auto suggestive dropdown shows:Talent
2021-08-09 16:01:08 INFO  commonSteps:46 - Talent
2021-08-09 16:01:18 INFO  shodetailpagesteps:60 - Payment Processed
2021-08-09 16:01:43 INFO  homepage:132 - Sent Text in the Home Page is Talent
2021-08-09 16:01:46 INFO  homepage:138 - The Auto suggestive dropdown shows:Talent
2021-08-09 16:01:48 INFO  commonSteps:46 - Talent
2021-08-09 16:01:51 INFO  shodetailpagesteps:104 - You liked this promo
2021-08-09 16:01:52 INFO  shodetailpagesteps:110 - Vakeel Sab Theatrical Trailer
2021-08-09 16:02:03 INFO  shodetailpagesteps:120 - Vakeel Sab Theatrical Trailer
2021-08-09 16:02:25 INFO  homepage:132 - Sent Text in the Home Page is Talent
2021-08-09 16:02:29 INFO  homepage:138 - The Auto suggestive dropdown shows:Talent
2021-08-09 16:02:30 INFO  commonSteps:46 - Talent
2021-08-09 16:02:42 INFO  shodetailpagesteps:78 - Talent
2021-08-09 16:03:05 INFO  homepage:132 - Sent Text in the Home Page is Talent
2021-08-09 16:03:08 INFO  homepage:138 - The Auto suggestive dropdown shows:Talent
2021-08-09 16:03:10 INFO  commonSteps:46 - Talent
2021-08-09 16:04:17 INFO  homepage:132 - Sent Text in the Home Page is Talent
2021-08-09 16:04:20 INFO  homepage:138 - The Auto suggestive dropdown shows:Talent
2021-08-09 16:04:21 INFO  commonSteps:46 - Talent
2021-08-09 16:05:41 INFO  homepage:132 - Sent Text in the Home Page is Talent
2021-08-09 16:05:45 INFO  homepage:138 - The Auto suggestive dropdown shows:Talent
2021-08-09 16:05:46 INFO  commonSteps:46 - Talent
2021-08-09 16:06:05 INFO  homepage:132 - Sent Text in the Home Page is Paytm
2021-08-09 16:06:08 INFO  homepage:138 - The Auto suggestive dropdown shows:Paytm
2021-08-09 16:06:10 INFO  commonSteps:46 - paytm
2021-08-09 16:06:20 INFO  shodetailpagesteps:154 - Resume
2021-08-09 16:06:21 INFO  shodetailpagesteps:167 - Paytm
2021-08-10 08:52:42 INFO  Homepagesteps:150 - vada chennai
2021-08-10 08:52:42 INFO  Homepagesteps:151 - vada chennai
2021-08-10 08:54:19 INFO  homepage:132 - Sent Text in the Home Page is scedue
2021-08-10 08:54:23 INFO  homepage:138 - The Auto suggestive dropdown shows:Scedue
2021-08-10 08:54:24 INFO  commonSteps:46 - Scedue
2021-08-10 08:58:54 INFO  shodetailpagesteps:120 - Two Years Of Kaala - The Masterpiece _ Rajinikant
2021-08-10 08:59:54 INFO  homepage:132 - Sent Text in the Home Page is Talent
2021-08-10 08:59:57 INFO  homepage:138 - The Auto suggestive dropdown shows:Talent
2021-08-10 08:59:59 INFO  commonSteps:46 - Talent
2021-08-10 09:00:01 INFO  paywallsteps:41 - Clicking on the add to watchlist button
2021-08-10 09:00:07 INFO  homepage:132 - Sent Text in the Home Page is Talent
2021-08-10 09:00:11 INFO  homepage:138 - The Auto suggestive dropdown shows:Talent
2021-08-10 09:00:13 INFO  commonSteps:46 - Talent
2021-08-10 09:00:22 INFO  homepage:132 - Sent Text in the Home Page is Talent
2021-08-10 09:00:26 INFO  homepage:138 - The Auto suggestive dropdown shows:Talent
2021-08-10 09:00:28 INFO  commonSteps:46 - Talent
2021-08-10 09:00:34 INFO  homepage:132 - Sent Text in the Home Page is Talent
2021-08-10 09:00:37 INFO  homepage:138 - The Auto suggestive dropdown shows:Talent
2021-08-10 09:00:39 INFO  commonSteps:46 - Talent
2021-08-10 09:00:46 INFO  homepage:132 - Sent Text in the Home Page is Talent
2021-08-10 09:00:49 INFO  homepage:138 - The Auto suggestive dropdown shows:Talent
2021-08-10 09:00:51 INFO  commonSteps:46 - Talent
2021-08-10 09:00:58 INFO  homepage:132 - Sent Text in the Home Page is santii's studio
2021-08-10 09:01:02 INFO  homepage:138 - The Auto suggestive dropdown shows:Santii'S Studio
2021-08-10 09:01:03 INFO  commonSteps:36 - Santii's Studio
2021-08-10 09:01:13 INFO  homepage:132 - Sent Text in the Home Page is Sameer
2021-08-10 09:01:17 INFO  homepage:138 - The Auto suggestive dropdown shows:Sameer2
2021-08-10 09:01:17 INFO  homepage:138 - The Auto suggestive dropdown shows:Sameer'S
2021-08-10 09:01:17 INFO  homepage:138 - The Auto suggestive dropdown shows:Sameer Smart
2021-08-10 09:01:17 INFO  homepage:138 - The Auto suggestive dropdown shows:SameerR
2021-08-10 09:01:17 INFO  homepage:138 - The Auto suggestive dropdown shows:Sameer
2021-08-10 09:01:19 INFO  commonSteps:36 - Sameer
2021-08-10 09:01:38 INFO  footersteps:54 - GudSho
2021-08-10 09:01:38 INFO  footersteps:56 - GudSho
2021-08-10 09:01:40 INFO  footersteps:66 - Join GudSho to watch the unlimited movies, series, and award-winning GudSho Originals. Everything you want to watch anytime, anywhere, and as much.
2021-08-10 09:01:40 INFO  footersteps:68 - Join GudSho to watch the unlimited movies, series, and award-winning GudSho Originals. Everything you want to watch anytime, anywhere, and as much.
2021-08-10 09:01:40 INFO  footersteps:79 - Quick Links
2021-08-10 09:01:40 INFO  footersteps:82 - Connect with us
2021-08-10 09:01:40 INFO  footersteps:85 - Download the App
2021-08-10 09:01:52 INFO  Footer:84 - About Us | GudSho - All-in-One OTT Platform
2021-08-10 09:01:52 INFO  Footer:87 - https://stream.gudsho.com/about.php
2021-08-10 09:03:05 INFO  Footer:84 - GudSho - Watch Unlimited Movies & Web Series Online
2021-08-10 09:03:05 INFO  Footer:87 - https://www.gudsho.com/support
2021-08-10 09:03:33 INFO  Footer:84 - Submit Your Film | All-in-One OTT Platform to Release Movies & Web Series- GudSho
2021-08-10 09:03:33 INFO  Footer:87 - https://monetize.gudsho.com/submit-your-film
2021-08-10 09:03:40 INFO  Footer:84 - GudSho Blog - The Future Trends & Technologies of OTT Streaming
2021-08-10 09:03:40 INFO  Footer:87 - https://stories.gudsho.com/
2021-08-10 09:03:48 INFO  Footer:84 - GudSho - Terms & Conditions
2021-08-10 09:03:48 INFO  Footer:87 - https://stream.gudsho.com/terms-of-service.php
2021-08-10 09:03:52 INFO  Footer:84 - GudSho - Privacy Policy
2021-08-10 09:03:52 INFO  Footer:87 - https://stream.gudsho.com/privacy-policy.php
2021-08-10 09:03:59 INFO  Footer:84 - Contact Us | GudSho
2021-08-10 09:03:59 INFO  Footer:87 - https://stream.gudsho.com/contact-sales.php
2021-08-10 09:04:06 INFO  Footer:84 - GudSho OTT - Apps on Google Play
2021-08-10 09:04:06 INFO  Footer:87 - https://play.google.com/store/apps/details?id=com.gudsho
2021-08-10 09:04:18 INFO  footersteps:163 - ‎GudSho OTT on the App Store
2021-08-10 09:04:18 INFO  footersteps:165 - https://apps.apple.com/in/app/gudsho-ott/id1539371660
2021-08-10 09:04:32 INFO  Footer:108 - GudSho - முகப்பு | Facebook
2021-08-10 09:04:32 INFO  Footer:110 - https://www.facebook.com/GudSho.Digital/
2021-08-10 09:04:34 INFO  Footer:108 - 
2021-08-10 09:04:34 INFO  Footer:110 - https://twitter.com/GudShoIN
2021-08-10 09:04:36 INFO  Footer:108 - Login • Instagram
2021-08-10 09:04:36 INFO  Footer:110 - https://www.instagram.com/accounts/login/
2021-08-10 09:04:38 INFO  Footer:108 - GudSho | LinkedIn
2021-08-10 09:04:38 INFO  Footer:110 - https://www.linkedin.com/company/gudsho/
2021-08-10 09:04:42 INFO  Footer:108 - GudSho - YouTube
2021-08-10 09:04:43 INFO  Footer:110 - https://www.youtube.com/channel/UCtCPBufttxYK_kAY8HyMfSw
2021-08-10 09:06:03 INFO  homepage:132 - Sent Text in the Home Page is Talent
2021-08-10 09:06:06 INFO  homepage:138 - The Auto suggestive dropdown shows:Talent
2021-08-10 09:06:08 INFO  commonSteps:46 - Talent
2021-08-10 09:06:20 INFO  shodetailpagesteps:60 - Payment Processed
2021-08-10 09:06:45 INFO  homepage:132 - Sent Text in the Home Page is Talent
2021-08-10 09:06:48 INFO  homepage:138 - The Auto suggestive dropdown shows:Talent
2021-08-10 09:06:50 INFO  commonSteps:46 - Talent
2021-08-10 09:06:55 INFO  shodetailpagesteps:104 - You liked this promo
2021-08-10 09:06:56 INFO  shodetailpagesteps:110 - Vakeel Sab Theatrical Trailer
2021-08-10 09:07:08 INFO  shodetailpagesteps:120 - Vakeel Sab Theatrical Trailer
